[2025-04-08 18:17:13] local.ERROR: Too few arguments to function App\Http\Controllers\Api\GuestController::enviarTelegram(), 0 passed in C:\Users\Sapin\Documents\docs\laravel\panelbackend\vendor\laravel\framework\src\Illuminate\Routing\Controller.php on line 54 and exactly 1 expected {"exception":"[object] (ArgumentCountError(code: 0): Too few arguments to function App\\Http\\Controllers\\Api\\GuestController::enviarTelegram(), 0 passed in C:\\Users\\Sapin\\Documents\\docs\\laravel\\panelbackend\\vendor\\laravel\\framework\\src\\Illuminate\\Routing\\Controller.php on line 54 and exactly 1 expected at C:\\Users\\Sapin\\Documents\\docs\\laravel\\panelbackend\\app\\Http\\Controllers\\Api\\GuestController.php:47)
[stacktrace]
#0 C:\\Users\\Sapin\\Documents\\docs\\laravel\\panelbackend\\vendor\\laravel\\framework\\src\\Illuminate\\Routing\\Controller.php(54): App\\Http\\Controllers\\Api\\GuestController->enviarTelegram()
#1 C:\\Users\\Sapin\\Documents\\docs\\laravel\\panelbackend\\vendor\\laravel\\framework\\src\\Illuminate\\Routing\\ControllerDispatcher.php(43): Illuminate\\Routing\\Controller->callAction()
#2 C:\\Users\\Sapin\\Documents\\docs\\laravel\\panelbackend\\vendor\\laravel\\framework\\src\\Illuminate\\Routing\\Route.php(259): Illuminate\\Routing\\ControllerDispatcher->dispatch()
#3 C:\\Users\\Sapin\\Documents\\docs\\laravel\\panelbackend\\vendor\\laravel\\framework\\src\\Illuminate\\Routing\\Route.php(205): Illuminate\\Routing\\Route->runController()
#4 C:\\Users\\Sapin\\Documents\\docs\\laravel\\panelbackend\\vendor\\laravel\\framework\\src\\Illuminate\\Routing\\Router.php(806): Illuminate\\Routing\\Route->run()
#5 C:\\Users\\Sapin\\Documents\\docs\\laravel\\panelbackend\\vendor\\laravel\\framework\\src\\Illuminate\\Pipeline\\Pipeline.php(144): Illuminate\\Routing\\Router->Illuminate\\Routing\\{closure}()
#6 C:\\Users\\Sapin\\Documents\\docs\\laravel\\panelbackend\\vendor\\laravel\\framework\\src\\Illuminate\\Routing\\Middleware\\SubstituteBindings.php(50): Illuminate\\Pipeline\\Pipeline->Illuminate\\Pipeline\\{closure}()
#7 C:\\Users\\Sapin\\Documents\\docs\\laravel\\panelbackend\\vendor\\laravel\\framework\\src\\Illuminate\\Pipeline\\Pipeline.php(183): Illuminate\\Routing\\Middleware\\SubstituteBindings->handle()
#8 C:\\Users\\Sapin\\Documents\\docs\\laravel\\panelbackend\\vendor\\laravel\\framework\\src\\Illuminate\\Routing\\Middleware\\ThrottleRequests.php(159): Illuminate\\Pipeline\\Pipeline->Illuminate\\Pipeline\\{closure}()
#9 C:\\Users\\Sapin\\Documents\\docs\\laravel\\panelbackend\\vendor\\laravel\\framework\\src\\Illuminate\\Routing\\Middleware\\ThrottleRequests.php(125): Illuminate\\Routing\\Middleware\\ThrottleRequests->handleRequest()
#10 C:\\Users\\Sapin\\Documents\\docs\\laravel\\panelbackend\\vendor\\laravel\\framework\\src\\Illuminate\\Routing\\Middleware\\ThrottleRequests.php(87): Illuminate\\Routing\\Middleware\\ThrottleRequests->handleRequestUsingNamedLimiter()
#11 C:\\Users\\Sapin\\Documents\\docs\\laravel\\panelbackend\\vendor\\laravel\\framework\\src\\Illuminate\\Pipeline\\Pipeline.php(183): Illuminate\\Routing\\Middleware\\ThrottleRequests->handle()
#12 C:\\Users\\Sapin\\Documents\\docs\\laravel\\panelbackend\\vendor\\laravel\\framework\\src\\Illuminate\\Session\\Middleware\\StartSession.php(121): Illuminate\\Pipeline\\Pipeline->Illuminate\\Pipeline\\{closure}()
#13 C:\\Users\\Sapin\\Documents\\docs\\laravel\\panelbackend\\vendor\\laravel\\framework\\src\\Illuminate\\Session\\Middleware\\StartSession.php(64): Illuminate\\Session\\Middleware\\StartSession->handleStatefulRequest()
#14 C:\\Users\\Sapin\\Documents\\docs\\laravel\\panelbackend\\vendor\\laravel\\framework\\src\\Illuminate\\Pipeline\\Pipeline.php(183): Illuminate\\Session\\Middleware\\StartSession->handle()
#15 C:\\Users\\Sapin\\Documents\\docs\\laravel\\panelbackend\\vendor\\laravel\\framework\\src\\Illuminate\\Pipeline\\Pipeline.php(119): Illuminate\\Pipeline\\Pipeline->Illuminate\\Pipeline\\{closure}()
#16 C:\\Users\\Sapin\\Documents\\docs\\laravel\\panelbackend\\vendor\\laravel\\framework\\src\\Illuminate\\Routing\\Router.php(805): Illuminate\\Pipeline\\Pipeline->then()
#17 C:\\Users\\Sapin\\Documents\\docs\\laravel\\panelbackend\\vendor\\laravel\\framework\\src\\Illuminate\\Routing\\Router.php(784): Illuminate\\Routing\\Router->runRouteWithinStack()
#18 C:\\Users\\Sapin\\Documents\\docs\\laravel\\panelbackend\\vendor\\laravel\\framework\\src\\Illuminate\\Routing\\Router.php(748): Illuminate\\Routing\\Router->runRoute()
#19 C:\\Users\\Sapin\\Documents\\docs\\laravel\\panelbackend\\vendor\\laravel\\framework\\src\\Illuminate\\Routing\\Router.php(737): Illuminate\\Routing\\Router->dispatchToRoute()
#20 C:\\Users\\Sapin\\Documents\\docs\\laravel\\panelbackend\\vendor\\laravel\\framework\\src\\Illuminate\\Foundation\\Http\\Kernel.php(200): Illuminate\\Routing\\Router->dispatch()
#21 C:\\Users\\Sapin\\Documents\\docs\\laravel\\panelbackend\\vendor\\laravel\\framework\\src\\Illuminate\\Pipeline\\Pipeline.php(144): Illuminate\\Foundation\\Http\\Kernel->Illuminate\\Foundation\\Http\\{closure}()
#22 C:\\Users\\Sapin\\Documents\\docs\\laravel\\panelbackend\\vendor\\laravel\\framework\\src\\Illuminate\\Foundation\\Http\\Middleware\\TransformsRequest.php(21): Illuminate\\Pipeline\\Pipeline->Illuminate\\Pipeline\\{closure}()
#23 C:\\Users\\Sapin\\Documents\\docs\\laravel\\panelbackend\\vendor\\laravel\\framework\\src\\Illuminate\\Foundation\\Http\\Middleware\\ConvertEmptyStringsToNull.php(31): Illuminate\\Foundation\\Http\\Middleware\\TransformsRequest->handle()
#24 C:\\Users\\Sapin\\Documents\\docs\\laravel\\panelbackend\\vendor\\laravel\\framework\\src\\Illuminate\\Pipeline\\Pipeline.php(183): Illuminate\\Foundation\\Http\\Middleware\\ConvertEmptyStringsToNull->handle()
#25 C:\\Users\\Sapin\\Documents\\docs\\laravel\\panelbackend\\vendor\\laravel\\framework\\src\\Illuminate\\Foundation\\Http\\Middleware\\TransformsRequest.php(21): Illuminate\\Pipeline\\Pipeline->Illuminate\\Pipeline\\{closure}()
#26 C:\\Users\\Sapin\\Documents\\docs\\laravel\\panelbackend\\vendor\\laravel\\framework\\src\\Illuminate\\Foundation\\Http\\Middleware\\TrimStrings.php(40): Illuminate\\Foundation\\Http\\Middleware\\TransformsRequest->handle()
#27 C:\\Users\\Sapin\\Documents\\docs\\laravel\\panelbackend\\vendor\\laravel\\framework\\src\\Illuminate\\Pipeline\\Pipeline.php(183): Illuminate\\Foundation\\Http\\Middleware\\TrimStrings->handle()
#28 C:\\Users\\Sapin\\Documents\\docs\\laravel\\panelbackend\\vendor\\laravel\\framework\\src\\Illuminate\\Foundation\\Http\\Middleware\\ValidatePostSize.php(27): Illuminate\\Pipeline\\Pipeline->Illuminate\\Pipeline\\{closure}()
#29 C:\\Users\\Sapin\\Documents\\docs\\laravel\\panelbackend\\vendor\\laravel\\framework\\src\\Illuminate\\Pipeline\\Pipeline.php(183): Illuminate\\Foundation\\Http\\Middleware\\ValidatePostSize->handle()
#30 C:\\Users\\Sapin\\Documents\\docs\\laravel\\panelbackend\\vendor\\laravel\\framework\\src\\Illuminate\\Foundation\\Http\\Middleware\\PreventRequestsDuringMaintenance.php(99): Illuminate\\Pipeline\\Pipeline->Illuminate\\Pipeline\\{closure}()
#31 C:\\Users\\Sapin\\Documents\\docs\\laravel\\panelbackend\\vendor\\laravel\\framework\\src\\Illuminate\\Pipeline\\Pipeline.php(183): Illuminate\\Foundation\\Http\\Middleware\\PreventRequestsDuringMaintenance->handle()
#32 C:\\Users\\Sapin\\Documents\\docs\\laravel\\panelbackend\\vendor\\laravel\\framework\\src\\Illuminate\\Http\\Middleware\\HandleCors.php(62): Illuminate\\Pipeline\\Pipeline->Illuminate\\Pipeline\\{closure}()
#33 C:\\Users\\Sapin\\Documents\\docs\\laravel\\panelbackend\\vendor\\laravel\\framework\\src\\Illuminate\\Pipeline\\Pipeline.php(183): Illuminate\\Http\\Middleware\\HandleCors->handle()
#34 C:\\Users\\Sapin\\Documents\\docs\\laravel\\panelbackend\\vendor\\laravel\\framework\\src\\Illuminate\\Http\\Middleware\\TrustProxies.php(39): Illuminate\\Pipeline\\Pipeline->Illuminate\\Pipeline\\{closure}()
#35 C:\\Users\\Sapin\\Documents\\docs\\laravel\\panelbackend\\vendor\\laravel\\framework\\src\\Illuminate\\Pipeline\\Pipeline.php(183): Illuminate\\Http\\Middleware\\TrustProxies->handle()
#36 C:\\Users\\Sapin\\Documents\\docs\\laravel\\panelbackend\\vendor\\laravel\\framework\\src\\Illuminate\\Pipeline\\Pipeline.php(119): Illuminate\\Pipeline\\Pipeline->Illuminate\\Pipeline\\{closure}()
#37 C:\\Users\\Sapin\\Documents\\docs\\laravel\\panelbackend\\vendor\\laravel\\framework\\src\\Illuminate\\Foundation\\Http\\Kernel.php(175): Illuminate\\Pipeline\\Pipeline->then()
#38 C:\\Users\\Sapin\\Documents\\docs\\laravel\\panelbackend\\vendor\\laravel\\framework\\src\\Illuminate\\Foundation\\Http\\Kernel.php(144): Illuminate\\Foundation\\Http\\Kernel->sendRequestThroughRouter()
#39 C:\\Users\\Sapin\\Documents\\docs\\laravel\\panelbackend\\public\\index.php(51): Illuminate\\Foundation\\Http\\Kernel->handle()
#40 C:\\Users\\Sapin\\Documents\\docs\\laravel\\panelbackend\\vendor\\laravel\\framework\\src\\Illuminate\\Foundation\\resources\\server.php(16): require_once('...')
#41 {main}
"} 
[2025-04-08 18:19:35] local.ERROR: cURL error 60: SSL certificate problem: self-signed certificate in certificate chain (see https://curl.haxx.se/libcurl/c/libcurl-errors.html) for https://api.telegram.org/bot/sendMessage {"exception":"[object] (GuzzleHttp\\Exception\\RequestException(code: 0): cURL error 60: SSL certificate problem: self-signed certificate in certificate chain (see https://curl.haxx.se/libcurl/c/libcurl-errors.html) for https://api.telegram.org/bot/sendMessage at C:\\Users\\Sapin\\Documents\\docs\\laravel\\panelbackend\\vendor\\guzzlehttp\\guzzle\\src\\Handler\\CurlFactory.php:276)
[stacktrace]
#0 C:\\Users\\Sapin\\Documents\\docs\\laravel\\panelbackend\\vendor\\guzzlehttp\\guzzle\\src\\Handler\\CurlFactory.php(205): GuzzleHttp\\Handler\\CurlFactory::createRejection()
#1 C:\\Users\\Sapin\\Documents\\docs\\laravel\\panelbackend\\vendor\\guzzlehttp\\guzzle\\src\\Handler\\CurlFactory.php(157): GuzzleHttp\\Handler\\CurlFactory::finishError()
#2 C:\\Users\\Sapin\\Documents\\docs\\laravel\\panelbackend\\vendor\\guzzlehttp\\guzzle\\src\\Handler\\CurlHandler.php(47): GuzzleHttp\\Handler\\CurlFactory::finish()
#3 C:\\Users\\Sapin\\Documents\\docs\\laravel\\panelbackend\\vendor\\guzzlehttp\\guzzle\\src\\Handler\\Proxy.php(28): GuzzleHttp\\Handler\\CurlHandler->__invoke()
#4 C:\\Users\\Sapin\\Documents\\docs\\laravel\\panelbackend\\vendor\\guzzlehttp\\guzzle\\src\\Handler\\Proxy.php(48): GuzzleHttp\\Handler\\Proxy::GuzzleHttp\\Handler\\{closure}()
#5 C:\\Users\\Sapin\\Documents\\docs\\laravel\\panelbackend\\vendor\\laravel\\framework\\src\\Illuminate\\Http\\Client\\PendingRequest.php(1256): GuzzleHttp\\Handler\\Proxy::GuzzleHttp\\Handler\\{closure}()
#6 C:\\Users\\Sapin\\Documents\\docs\\laravel\\panelbackend\\vendor\\laravel\\framework\\src\\Illuminate\\Http\\Client\\PendingRequest.php(1222): Illuminate\\Http\\Client\\PendingRequest->Illuminate\\Http\\Client\\{closure}()
#7 C:\\Users\\Sapin\\Documents\\docs\\laravel\\panelbackend\\vendor\\laravel\\framework\\src\\Illuminate\\Http\\Client\\PendingRequest.php(1208): Illuminate\\Http\\Client\\PendingRequest->Illuminate\\Http\\Client\\{closure}()
#8 C:\\Users\\Sapin\\Documents\\docs\\laravel\\panelbackend\\vendor\\guzzlehttp\\guzzle\\src\\PrepareBodyMiddleware.php(64): Illuminate\\Http\\Client\\PendingRequest->Illuminate\\Http\\Client\\{closure}()
#9 C:\\Users\\Sapin\\Documents\\docs\\laravel\\panelbackend\\vendor\\guzzlehttp\\guzzle\\src\\Middleware.php(38): GuzzleHttp\\PrepareBodyMiddleware->__invoke()
#10 C:\\Users\\Sapin\\Documents\\docs\\laravel\\panelbackend\\vendor\\guzzlehttp\\guzzle\\src\\RedirectMiddleware.php(71): GuzzleHttp\\Middleware::GuzzleHttp\\{closure}()
#11 C:\\Users\\Sapin\\Documents\\docs\\laravel\\panelbackend\\vendor\\guzzlehttp\\guzzle\\src\\Middleware.php(63): GuzzleHttp\\RedirectMiddleware->__invoke()
#12 C:\\Users\\Sapin\\Documents\\docs\\laravel\\panelbackend\\vendor\\guzzlehttp\\guzzle\\src\\HandlerStack.php(75): GuzzleHttp\\Middleware::GuzzleHttp\\{closure}()
#13 C:\\Users\\Sapin\\Documents\\docs\\laravel\\panelbackend\\vendor\\guzzlehttp\\guzzle\\src\\Client.php(333): GuzzleHttp\\HandlerStack->__invoke()
#14 C:\\Users\\Sapin\\Documents\\docs\\laravel\\panelbackend\\vendor\\guzzlehttp\\guzzle\\src\\Client.php(169): GuzzleHttp\\Client->transfer()
#15 C:\\Users\\Sapin\\Documents\\docs\\laravel\\panelbackend\\vendor\\guzzlehttp\\guzzle\\src\\Client.php(189): GuzzleHttp\\Client->requestAsync()
#16 C:\\Users\\Sapin\\Documents\\docs\\laravel\\panelbackend\\vendor\\laravel\\framework\\src\\Illuminate\\Http\\Client\\PendingRequest.php(1053): GuzzleHttp\\Client->request()
#17 C:\\Users\\Sapin\\Documents\\docs\\laravel\\panelbackend\\vendor\\laravel\\framework\\src\\Illuminate\\Http\\Client\\PendingRequest.php(894): Illuminate\\Http\\Client\\PendingRequest->sendRequest()
#18 C:\\Users\\Sapin\\Documents\\docs\\laravel\\panelbackend\\vendor\\laravel\\framework\\src\\Illuminate\\Support\\helpers.php(261): Illuminate\\Http\\Client\\PendingRequest->Illuminate\\Http\\Client\\{closure}()
#19 C:\\Users\\Sapin\\Documents\\docs\\laravel\\panelbackend\\vendor\\laravel\\framework\\src\\Illuminate\\Http\\Client\\PendingRequest.php(892): retry()
#20 C:\\Users\\Sapin\\Documents\\docs\\laravel\\panelbackend\\vendor\\laravel\\framework\\src\\Illuminate\\Http\\Client\\PendingRequest.php(798): Illuminate\\Http\\Client\\PendingRequest->send()
#21 C:\\Users\\Sapin\\Documents\\docs\\laravel\\panelbackend\\vendor\\laravel\\framework\\src\\Illuminate\\Http\\Client\\Factory.php(461): Illuminate\\Http\\Client\\PendingRequest->post()
#22 C:\\Users\\Sapin\\Documents\\docs\\laravel\\panelbackend\\vendor\\laravel\\framework\\src\\Illuminate\\Support\\Facades\\Facade.php(355): Illuminate\\Http\\Client\\Factory->__call()
#23 C:\\Users\\Sapin\\Documents\\docs\\laravel\\panelbackend\\app\\Http\\Controllers\\Api\\GuestController.php(53): Illuminate\\Support\\Facades\\Facade::__callStatic()
#24 C:\\Users\\Sapin\\Documents\\docs\\laravel\\panelbackend\\vendor\\laravel\\framework\\src\\Illuminate\\Routing\\Controller.php(54): App\\Http\\Controllers\\Api\\GuestController->enviarTelegram()
#25 C:\\Users\\Sapin\\Documents\\docs\\laravel\\panelbackend\\vendor\\laravel\\framework\\src\\Illuminate\\Routing\\ControllerDispatcher.php(43): Illuminate\\Routing\\Controller->callAction()
#26 C:\\Users\\Sapin\\Documents\\docs\\laravel\\panelbackend\\vendor\\laravel\\framework\\src\\Illuminate\\Routing\\Route.php(259): Illuminate\\Routing\\ControllerDispatcher->dispatch()
#27 C:\\Users\\Sapin\\Documents\\docs\\laravel\\panelbackend\\vendor\\laravel\\framework\\src\\Illuminate\\Routing\\Route.php(205): Illuminate\\Routing\\Route->runController()
#28 C:\\Users\\Sapin\\Documents\\docs\\laravel\\panelbackend\\vendor\\laravel\\framework\\src\\Illuminate\\Routing\\Router.php(806): Illuminate\\Routing\\Route->run()
#29 C:\\Users\\Sapin\\Documents\\docs\\laravel\\panelbackend\\vendor\\laravel\\framework\\src\\Illuminate\\Pipeline\\Pipeline.php(144): Illuminate\\Routing\\Router->Illuminate\\Routing\\{closure}()
#30 C:\\Users\\Sapin\\Documents\\docs\\laravel\\panelbackend\\vendor\\laravel\\framework\\src\\Illuminate\\Routing\\Middleware\\SubstituteBindings.php(50): Illuminate\\Pipeline\\Pipeline->Illuminate\\Pipeline\\{closure}()
#31 C:\\Users\\Sapin\\Documents\\docs\\laravel\\panelbackend\\vendor\\laravel\\framework\\src\\Illuminate\\Pipeline\\Pipeline.php(183): Illuminate\\Routing\\Middleware\\SubstituteBindings->handle()
#32 C:\\Users\\Sapin\\Documents\\docs\\laravel\\panelbackend\\vendor\\laravel\\framework\\src\\Illuminate\\Routing\\Middleware\\ThrottleRequests.php(159): Illuminate\\Pipeline\\Pipeline->Illuminate\\Pipeline\\{closure}()
#33 C:\\Users\\Sapin\\Documents\\docs\\laravel\\panelbackend\\vendor\\laravel\\framework\\src\\Illuminate\\Routing\\Middleware\\ThrottleRequests.php(125): Illuminate\\Routing\\Middleware\\ThrottleRequests->handleRequest()
#34 C:\\Users\\Sapin\\Documents\\docs\\laravel\\panelbackend\\vendor\\laravel\\framework\\src\\Illuminate\\Routing\\Middleware\\ThrottleRequests.php(87): Illuminate\\Routing\\Middleware\\ThrottleRequests->handleRequestUsingNamedLimiter()
#35 C:\\Users\\Sapin\\Documents\\docs\\laravel\\panelbackend\\vendor\\laravel\\framework\\src\\Illuminate\\Pipeline\\Pipeline.php(183): Illuminate\\Routing\\Middleware\\ThrottleRequests->handle()
#36 C:\\Users\\Sapin\\Documents\\docs\\laravel\\panelbackend\\vendor\\laravel\\framework\\src\\Illuminate\\Session\\Middleware\\StartSession.php(121): Illuminate\\Pipeline\\Pipeline->Illuminate\\Pipeline\\{closure}()
#37 C:\\Users\\Sapin\\Documents\\docs\\laravel\\panelbackend\\vendor\\laravel\\framework\\src\\Illuminate\\Session\\Middleware\\StartSession.php(64): Illuminate\\Session\\Middleware\\StartSession->handleStatefulRequest()
#38 C:\\Users\\Sapin\\Documents\\docs\\laravel\\panelbackend\\vendor\\laravel\\framework\\src\\Illuminate\\Pipeline\\Pipeline.php(183): Illuminate\\Session\\Middleware\\StartSession->handle()
#39 C:\\Users\\Sapin\\Documents\\docs\\laravel\\panelbackend\\vendor\\laravel\\framework\\src\\Illuminate\\Pipeline\\Pipeline.php(119): Illuminate\\Pipeline\\Pipeline->Illuminate\\Pipeline\\{closure}()
#40 C:\\Users\\Sapin\\Documents\\docs\\laravel\\panelbackend\\vendor\\laravel\\framework\\src\\Illuminate\\Routing\\Router.php(805): Illuminate\\Pipeline\\Pipeline->then()
#41 C:\\Users\\Sapin\\Documents\\docs\\laravel\\panelbackend\\vendor\\laravel\\framework\\src\\Illuminate\\Routing\\Router.php(784): Illuminate\\Routing\\Router->runRouteWithinStack()
#42 C:\\Users\\Sapin\\Documents\\docs\\laravel\\panelbackend\\vendor\\laravel\\framework\\src\\Illuminate\\Routing\\Router.php(748): Illuminate\\Routing\\Router->runRoute()
#43 C:\\Users\\Sapin\\Documents\\docs\\laravel\\panelbackend\\vendor\\laravel\\framework\\src\\Illuminate\\Routing\\Router.php(737): Illuminate\\Routing\\Router->dispatchToRoute()
#44 C:\\Users\\Sapin\\Documents\\docs\\laravel\\panelbackend\\vendor\\laravel\\framework\\src\\Illuminate\\Foundation\\Http\\Kernel.php(200): Illuminate\\Routing\\Router->dispatch()
#45 C:\\Users\\Sapin\\Documents\\docs\\laravel\\panelbackend\\vendor\\laravel\\framework\\src\\Illuminate\\Pipeline\\Pipeline.php(144): Illuminate\\Foundation\\Http\\Kernel->Illuminate\\Foundation\\Http\\{closure}()
#46 C:\\Users\\Sapin\\Documents\\docs\\laravel\\panelbackend\\vendor\\laravel\\framework\\src\\Illuminate\\Foundation\\Http\\Middleware\\TransformsRequest.php(21): Illuminate\\Pipeline\\Pipeline->Illuminate\\Pipeline\\{closure}()
#47 C:\\Users\\Sapin\\Documents\\docs\\laravel\\panelbackend\\vendor\\laravel\\framework\\src\\Illuminate\\Foundation\\Http\\Middleware\\ConvertEmptyStringsToNull.php(31): Illuminate\\Foundation\\Http\\Middleware\\TransformsRequest->handle()
#48 C:\\Users\\Sapin\\Documents\\docs\\laravel\\panelbackend\\vendor\\laravel\\framework\\src\\Illuminate\\Pipeline\\Pipeline.php(183): Illuminate\\Foundation\\Http\\Middleware\\ConvertEmptyStringsToNull->handle()
#49 C:\\Users\\Sapin\\Documents\\docs\\laravel\\panelbackend\\vendor\\laravel\\framework\\src\\Illuminate\\Foundation\\Http\\Middleware\\TransformsRequest.php(21): Illuminate\\Pipeline\\Pipeline->Illuminate\\Pipeline\\{closure}()
#50 C:\\Users\\Sapin\\Documents\\docs\\laravel\\panelbackend\\vendor\\laravel\\framework\\src\\Illuminate\\Foundation\\Http\\Middleware\\TrimStrings.php(40): Illuminate\\Foundation\\Http\\Middleware\\TransformsRequest->handle()
#51 C:\\Users\\Sapin\\Documents\\docs\\laravel\\panelbackend\\vendor\\laravel\\framework\\src\\Illuminate\\Pipeline\\Pipeline.php(183): Illuminate\\Foundation\\Http\\Middleware\\TrimStrings->handle()
#52 C:\\Users\\Sapin\\Documents\\docs\\laravel\\panelbackend\\vendor\\laravel\\framework\\src\\Illuminate\\Foundation\\Http\\Middleware\\ValidatePostSize.php(27): Illuminate\\Pipeline\\Pipeline->Illuminate\\Pipeline\\{closure}()
#53 C:\\Users\\Sapin\\Documents\\docs\\laravel\\panelbackend\\vendor\\laravel\\framework\\src\\Illuminate\\Pipeline\\Pipeline.php(183): Illuminate\\Foundation\\Http\\Middleware\\ValidatePostSize->handle()
#54 C:\\Users\\Sapin\\Documents\\docs\\laravel\\panelbackend\\vendor\\laravel\\framework\\src\\Illuminate\\Foundation\\Http\\Middleware\\PreventRequestsDuringMaintenance.php(99): Illuminate\\Pipeline\\Pipeline->Illuminate\\Pipeline\\{closure}()
#55 C:\\Users\\Sapin\\Documents\\docs\\laravel\\panelbackend\\vendor\\laravel\\framework\\src\\Illuminate\\Pipeline\\Pipeline.php(183): Illuminate\\Foundation\\Http\\Middleware\\PreventRequestsDuringMaintenance->handle()
#56 C:\\Users\\Sapin\\Documents\\docs\\laravel\\panelbackend\\vendor\\laravel\\framework\\src\\Illuminate\\Http\\Middleware\\HandleCors.php(62): Illuminate\\Pipeline\\Pipeline->Illuminate\\Pipeline\\{closure}()
#57 C:\\Users\\Sapin\\Documents\\docs\\laravel\\panelbackend\\vendor\\laravel\\framework\\src\\Illuminate\\Pipeline\\Pipeline.php(183): Illuminate\\Http\\Middleware\\HandleCors->handle()
#58 C:\\Users\\Sapin\\Documents\\docs\\laravel\\panelbackend\\vendor\\laravel\\framework\\src\\Illuminate\\Http\\Middleware\\TrustProxies.php(39): Illuminate\\Pipeline\\Pipeline->Illuminate\\Pipeline\\{closure}()
#59 C:\\Users\\Sapin\\Documents\\docs\\laravel\\panelbackend\\vendor\\laravel\\framework\\src\\Illuminate\\Pipeline\\Pipeline.php(183): Illuminate\\Http\\Middleware\\TrustProxies->handle()
#60 C:\\Users\\Sapin\\Documents\\docs\\laravel\\panelbackend\\vendor\\laravel\\framework\\src\\Illuminate\\Pipeline\\Pipeline.php(119): Illuminate\\Pipeline\\Pipeline->Illuminate\\Pipeline\\{closure}()
#61 C:\\Users\\Sapin\\Documents\\docs\\laravel\\panelbackend\\vendor\\laravel\\framework\\src\\Illuminate\\Foundation\\Http\\Kernel.php(175): Illuminate\\Pipeline\\Pipeline->then()
#62 C:\\Users\\Sapin\\Documents\\docs\\laravel\\panelbackend\\vendor\\laravel\\framework\\src\\Illuminate\\Foundation\\Http\\Kernel.php(144): Illuminate\\Foundation\\Http\\Kernel->sendRequestThroughRouter()
#63 C:\\Users\\Sapin\\Documents\\docs\\laravel\\panelbackend\\public\\index.php(51): Illuminate\\Foundation\\Http\\Kernel->handle()
#64 C:\\Users\\Sapin\\Documents\\docs\\laravel\\panelbackend\\vendor\\laravel\\framework\\src\\Illuminate\\Foundation\\resources\\server.php(16): require_once('...')
#65 {main}
"} 
[2025-04-08 18:21:15] local.ERROR: cURL error 77: error setting certificate file: C:\certs\cacert.pem (see https://curl.haxx.se/libcurl/c/libcurl-errors.html) for https://api.telegram.org/bot/sendMessage {"exception":"[object] (GuzzleHttp\\Exception\\RequestException(code: 0): cURL error 77: error setting certificate file: C:\\certs\\cacert.pem (see https://curl.haxx.se/libcurl/c/libcurl-errors.html) for https://api.telegram.org/bot/sendMessage at C:\\Users\\Sapin\\Documents\\docs\\laravel\\panelbackend\\vendor\\guzzlehttp\\guzzle\\src\\Handler\\CurlFactory.php:276)
[stacktrace]
#0 C:\\Users\\Sapin\\Documents\\docs\\laravel\\panelbackend\\vendor\\guzzlehttp\\guzzle\\src\\Handler\\CurlFactory.php(205): GuzzleHttp\\Handler\\CurlFactory::createRejection()
#1 C:\\Users\\Sapin\\Documents\\docs\\laravel\\panelbackend\\vendor\\guzzlehttp\\guzzle\\src\\Handler\\CurlFactory.php(157): GuzzleHttp\\Handler\\CurlFactory::finishError()
#2 C:\\Users\\Sapin\\Documents\\docs\\laravel\\panelbackend\\vendor\\guzzlehttp\\guzzle\\src\\Handler\\CurlHandler.php(47): GuzzleHttp\\Handler\\CurlFactory::finish()
#3 C:\\Users\\Sapin\\Documents\\docs\\laravel\\panelbackend\\vendor\\guzzlehttp\\guzzle\\src\\Handler\\Proxy.php(28): GuzzleHttp\\Handler\\CurlHandler->__invoke()
#4 C:\\Users\\Sapin\\Documents\\docs\\laravel\\panelbackend\\vendor\\guzzlehttp\\guzzle\\src\\Handler\\Proxy.php(48): GuzzleHttp\\Handler\\Proxy::GuzzleHttp\\Handler\\{closure}()
#5 C:\\Users\\Sapin\\Documents\\docs\\laravel\\panelbackend\\vendor\\laravel\\framework\\src\\Illuminate\\Http\\Client\\PendingRequest.php(1256): GuzzleHttp\\Handler\\Proxy::GuzzleHttp\\Handler\\{closure}()
#6 C:\\Users\\Sapin\\Documents\\docs\\laravel\\panelbackend\\vendor\\laravel\\framework\\src\\Illuminate\\Http\\Client\\PendingRequest.php(1222): Illuminate\\Http\\Client\\PendingRequest->Illuminate\\Http\\Client\\{closure}()
#7 C:\\Users\\Sapin\\Documents\\docs\\laravel\\panelbackend\\vendor\\laravel\\framework\\src\\Illuminate\\Http\\Client\\PendingRequest.php(1208): Illuminate\\Http\\Client\\PendingRequest->Illuminate\\Http\\Client\\{closure}()
#8 C:\\Users\\Sapin\\Documents\\docs\\laravel\\panelbackend\\vendor\\guzzlehttp\\guzzle\\src\\PrepareBodyMiddleware.php(64): Illuminate\\Http\\Client\\PendingRequest->Illuminate\\Http\\Client\\{closure}()
#9 C:\\Users\\Sapin\\Documents\\docs\\laravel\\panelbackend\\vendor\\guzzlehttp\\guzzle\\src\\Middleware.php(38): GuzzleHttp\\PrepareBodyMiddleware->__invoke()
#10 C:\\Users\\Sapin\\Documents\\docs\\laravel\\panelbackend\\vendor\\guzzlehttp\\guzzle\\src\\RedirectMiddleware.php(71): GuzzleHttp\\Middleware::GuzzleHttp\\{closure}()
#11 C:\\Users\\Sapin\\Documents\\docs\\laravel\\panelbackend\\vendor\\guzzlehttp\\guzzle\\src\\Middleware.php(63): GuzzleHttp\\RedirectMiddleware->__invoke()
#12 C:\\Users\\Sapin\\Documents\\docs\\laravel\\panelbackend\\vendor\\guzzlehttp\\guzzle\\src\\HandlerStack.php(75): GuzzleHttp\\Middleware::GuzzleHttp\\{closure}()
#13 C:\\Users\\Sapin\\Documents\\docs\\laravel\\panelbackend\\vendor\\guzzlehttp\\guzzle\\src\\Client.php(333): GuzzleHttp\\HandlerStack->__invoke()
#14 C:\\Users\\Sapin\\Documents\\docs\\laravel\\panelbackend\\vendor\\guzzlehttp\\guzzle\\src\\Client.php(169): GuzzleHttp\\Client->transfer()
#15 C:\\Users\\Sapin\\Documents\\docs\\laravel\\panelbackend\\vendor\\guzzlehttp\\guzzle\\src\\Client.php(189): GuzzleHttp\\Client->requestAsync()
#16 C:\\Users\\Sapin\\Documents\\docs\\laravel\\panelbackend\\vendor\\laravel\\framework\\src\\Illuminate\\Http\\Client\\PendingRequest.php(1053): GuzzleHttp\\Client->request()
#17 C:\\Users\\Sapin\\Documents\\docs\\laravel\\panelbackend\\vendor\\laravel\\framework\\src\\Illuminate\\Http\\Client\\PendingRequest.php(894): Illuminate\\Http\\Client\\PendingRequest->sendRequest()
#18 C:\\Users\\Sapin\\Documents\\docs\\laravel\\panelbackend\\vendor\\laravel\\framework\\src\\Illuminate\\Support\\helpers.php(261): Illuminate\\Http\\Client\\PendingRequest->Illuminate\\Http\\Client\\{closure}()
#19 C:\\Users\\Sapin\\Documents\\docs\\laravel\\panelbackend\\vendor\\laravel\\framework\\src\\Illuminate\\Http\\Client\\PendingRequest.php(892): retry()
#20 C:\\Users\\Sapin\\Documents\\docs\\laravel\\panelbackend\\vendor\\laravel\\framework\\src\\Illuminate\\Http\\Client\\PendingRequest.php(798): Illuminate\\Http\\Client\\PendingRequest->send()
#21 C:\\Users\\Sapin\\Documents\\docs\\laravel\\panelbackend\\vendor\\laravel\\framework\\src\\Illuminate\\Http\\Client\\Factory.php(461): Illuminate\\Http\\Client\\PendingRequest->post()
#22 C:\\Users\\Sapin\\Documents\\docs\\laravel\\panelbackend\\vendor\\laravel\\framework\\src\\Illuminate\\Support\\Facades\\Facade.php(355): Illuminate\\Http\\Client\\Factory->__call()
#23 C:\\Users\\Sapin\\Documents\\docs\\laravel\\panelbackend\\app\\Http\\Controllers\\Api\\GuestController.php(53): Illuminate\\Support\\Facades\\Facade::__callStatic()
#24 C:\\Users\\Sapin\\Documents\\docs\\laravel\\panelbackend\\vendor\\laravel\\framework\\src\\Illuminate\\Routing\\Controller.php(54): App\\Http\\Controllers\\Api\\GuestController->enviarTelegram()
#25 C:\\Users\\Sapin\\Documents\\docs\\laravel\\panelbackend\\vendor\\laravel\\framework\\src\\Illuminate\\Routing\\ControllerDispatcher.php(43): Illuminate\\Routing\\Controller->callAction()
#26 C:\\Users\\Sapin\\Documents\\docs\\laravel\\panelbackend\\vendor\\laravel\\framework\\src\\Illuminate\\Routing\\Route.php(259): Illuminate\\Routing\\ControllerDispatcher->dispatch()
#27 C:\\Users\\Sapin\\Documents\\docs\\laravel\\panelbackend\\vendor\\laravel\\framework\\src\\Illuminate\\Routing\\Route.php(205): Illuminate\\Routing\\Route->runController()
#28 C:\\Users\\Sapin\\Documents\\docs\\laravel\\panelbackend\\vendor\\laravel\\framework\\src\\Illuminate\\Routing\\Router.php(806): Illuminate\\Routing\\Route->run()
#29 C:\\Users\\Sapin\\Documents\\docs\\laravel\\panelbackend\\vendor\\laravel\\framework\\src\\Illuminate\\Pipeline\\Pipeline.php(144): Illuminate\\Routing\\Router->Illuminate\\Routing\\{closure}()
#30 C:\\Users\\Sapin\\Documents\\docs\\laravel\\panelbackend\\vendor\\laravel\\framework\\src\\Illuminate\\Routing\\Middleware\\SubstituteBindings.php(50): Illuminate\\Pipeline\\Pipeline->Illuminate\\Pipeline\\{closure}()
#31 C:\\Users\\Sapin\\Documents\\docs\\laravel\\panelbackend\\vendor\\laravel\\framework\\src\\Illuminate\\Pipeline\\Pipeline.php(183): Illuminate\\Routing\\Middleware\\SubstituteBindings->handle()
#32 C:\\Users\\Sapin\\Documents\\docs\\laravel\\panelbackend\\vendor\\laravel\\framework\\src\\Illuminate\\Routing\\Middleware\\ThrottleRequests.php(159): Illuminate\\Pipeline\\Pipeline->Illuminate\\Pipeline\\{closure}()
#33 C:\\Users\\Sapin\\Documents\\docs\\laravel\\panelbackend\\vendor\\laravel\\framework\\src\\Illuminate\\Routing\\Middleware\\ThrottleRequests.php(125): Illuminate\\Routing\\Middleware\\ThrottleRequests->handleRequest()
#34 C:\\Users\\Sapin\\Documents\\docs\\laravel\\panelbackend\\vendor\\laravel\\framework\\src\\Illuminate\\Routing\\Middleware\\ThrottleRequests.php(87): Illuminate\\Routing\\Middleware\\ThrottleRequests->handleRequestUsingNamedLimiter()
#35 C:\\Users\\Sapin\\Documents\\docs\\laravel\\panelbackend\\vendor\\laravel\\framework\\src\\Illuminate\\Pipeline\\Pipeline.php(183): Illuminate\\Routing\\Middleware\\ThrottleRequests->handle()
#36 C:\\Users\\Sapin\\Documents\\docs\\laravel\\panelbackend\\vendor\\laravel\\framework\\src\\Illuminate\\Session\\Middleware\\StartSession.php(121): Illuminate\\Pipeline\\Pipeline->Illuminate\\Pipeline\\{closure}()
#37 C:\\Users\\Sapin\\Documents\\docs\\laravel\\panelbackend\\vendor\\laravel\\framework\\src\\Illuminate\\Session\\Middleware\\StartSession.php(64): Illuminate\\Session\\Middleware\\StartSession->handleStatefulRequest()
#38 C:\\Users\\Sapin\\Documents\\docs\\laravel\\panelbackend\\vendor\\laravel\\framework\\src\\Illuminate\\Pipeline\\Pipeline.php(183): Illuminate\\Session\\Middleware\\StartSession->handle()
#39 C:\\Users\\Sapin\\Documents\\docs\\laravel\\panelbackend\\vendor\\laravel\\framework\\src\\Illuminate\\Pipeline\\Pipeline.php(119): Illuminate\\Pipeline\\Pipeline->Illuminate\\Pipeline\\{closure}()
#40 C:\\Users\\Sapin\\Documents\\docs\\laravel\\panelbackend\\vendor\\laravel\\framework\\src\\Illuminate\\Routing\\Router.php(805): Illuminate\\Pipeline\\Pipeline->then()
#41 C:\\Users\\Sapin\\Documents\\docs\\laravel\\panelbackend\\vendor\\laravel\\framework\\src\\Illuminate\\Routing\\Router.php(784): Illuminate\\Routing\\Router->runRouteWithinStack()
#42 C:\\Users\\Sapin\\Documents\\docs\\laravel\\panelbackend\\vendor\\laravel\\framework\\src\\Illuminate\\Routing\\Router.php(748): Illuminate\\Routing\\Router->runRoute()
#43 C:\\Users\\Sapin\\Documents\\docs\\laravel\\panelbackend\\vendor\\laravel\\framework\\src\\Illuminate\\Routing\\Router.php(737): Illuminate\\Routing\\Router->dispatchToRoute()
#44 C:\\Users\\Sapin\\Documents\\docs\\laravel\\panelbackend\\vendor\\laravel\\framework\\src\\Illuminate\\Foundation\\Http\\Kernel.php(200): Illuminate\\Routing\\Router->dispatch()
#45 C:\\Users\\Sapin\\Documents\\docs\\laravel\\panelbackend\\vendor\\laravel\\framework\\src\\Illuminate\\Pipeline\\Pipeline.php(144): Illuminate\\Foundation\\Http\\Kernel->Illuminate\\Foundation\\Http\\{closure}()
#46 C:\\Users\\Sapin\\Documents\\docs\\laravel\\panelbackend\\vendor\\laravel\\framework\\src\\Illuminate\\Foundation\\Http\\Middleware\\TransformsRequest.php(21): Illuminate\\Pipeline\\Pipeline->Illuminate\\Pipeline\\{closure}()
#47 C:\\Users\\Sapin\\Documents\\docs\\laravel\\panelbackend\\vendor\\laravel\\framework\\src\\Illuminate\\Foundation\\Http\\Middleware\\ConvertEmptyStringsToNull.php(31): Illuminate\\Foundation\\Http\\Middleware\\TransformsRequest->handle()
#48 C:\\Users\\Sapin\\Documents\\docs\\laravel\\panelbackend\\vendor\\laravel\\framework\\src\\Illuminate\\Pipeline\\Pipeline.php(183): Illuminate\\Foundation\\Http\\Middleware\\ConvertEmptyStringsToNull->handle()
#49 C:\\Users\\Sapin\\Documents\\docs\\laravel\\panelbackend\\vendor\\laravel\\framework\\src\\Illuminate\\Foundation\\Http\\Middleware\\TransformsRequest.php(21): Illuminate\\Pipeline\\Pipeline->Illuminate\\Pipeline\\{closure}()
#50 C:\\Users\\Sapin\\Documents\\docs\\laravel\\panelbackend\\vendor\\laravel\\framework\\src\\Illuminate\\Foundation\\Http\\Middleware\\TrimStrings.php(40): Illuminate\\Foundation\\Http\\Middleware\\TransformsRequest->handle()
#51 C:\\Users\\Sapin\\Documents\\docs\\laravel\\panelbackend\\vendor\\laravel\\framework\\src\\Illuminate\\Pipeline\\Pipeline.php(183): Illuminate\\Foundation\\Http\\Middleware\\TrimStrings->handle()
#52 C:\\Users\\Sapin\\Documents\\docs\\laravel\\panelbackend\\vendor\\laravel\\framework\\src\\Illuminate\\Foundation\\Http\\Middleware\\ValidatePostSize.php(27): Illuminate\\Pipeline\\Pipeline->Illuminate\\Pipeline\\{closure}()
#53 C:\\Users\\Sapin\\Documents\\docs\\laravel\\panelbackend\\vendor\\laravel\\framework\\src\\Illuminate\\Pipeline\\Pipeline.php(183): Illuminate\\Foundation\\Http\\Middleware\\ValidatePostSize->handle()
#54 C:\\Users\\Sapin\\Documents\\docs\\laravel\\panelbackend\\vendor\\laravel\\framework\\src\\Illuminate\\Foundation\\Http\\Middleware\\PreventRequestsDuringMaintenance.php(99): Illuminate\\Pipeline\\Pipeline->Illuminate\\Pipeline\\{closure}()
#55 C:\\Users\\Sapin\\Documents\\docs\\laravel\\panelbackend\\vendor\\laravel\\framework\\src\\Illuminate\\Pipeline\\Pipeline.php(183): Illuminate\\Foundation\\Http\\Middleware\\PreventRequestsDuringMaintenance->handle()
#56 C:\\Users\\Sapin\\Documents\\docs\\laravel\\panelbackend\\vendor\\laravel\\framework\\src\\Illuminate\\Http\\Middleware\\HandleCors.php(62): Illuminate\\Pipeline\\Pipeline->Illuminate\\Pipeline\\{closure}()
#57 C:\\Users\\Sapin\\Documents\\docs\\laravel\\panelbackend\\vendor\\laravel\\framework\\src\\Illuminate\\Pipeline\\Pipeline.php(183): Illuminate\\Http\\Middleware\\HandleCors->handle()
#58 C:\\Users\\Sapin\\Documents\\docs\\laravel\\panelbackend\\vendor\\laravel\\framework\\src\\Illuminate\\Http\\Middleware\\TrustProxies.php(39): Illuminate\\Pipeline\\Pipeline->Illuminate\\Pipeline\\{closure}()
#59 C:\\Users\\Sapin\\Documents\\docs\\laravel\\panelbackend\\vendor\\laravel\\framework\\src\\Illuminate\\Pipeline\\Pipeline.php(183): Illuminate\\Http\\Middleware\\TrustProxies->handle()
#60 C:\\Users\\Sapin\\Documents\\docs\\laravel\\panelbackend\\vendor\\laravel\\framework\\src\\Illuminate\\Pipeline\\Pipeline.php(119): Illuminate\\Pipeline\\Pipeline->Illuminate\\Pipeline\\{closure}()
#61 C:\\Users\\Sapin\\Documents\\docs\\laravel\\panelbackend\\vendor\\laravel\\framework\\src\\Illuminate\\Foundation\\Http\\Kernel.php(175): Illuminate\\Pipeline\\Pipeline->then()
#62 C:\\Users\\Sapin\\Documents\\docs\\laravel\\panelbackend\\vendor\\laravel\\framework\\src\\Illuminate\\Foundation\\Http\\Kernel.php(144): Illuminate\\Foundation\\Http\\Kernel->sendRequestThroughRouter()
#63 C:\\Users\\Sapin\\Documents\\docs\\laravel\\panelbackend\\public\\index.php(51): Illuminate\\Foundation\\Http\\Kernel->handle()
#64 C:\\Users\\Sapin\\Documents\\docs\\laravel\\panelbackend\\vendor\\laravel\\framework\\src\\Illuminate\\Foundation\\resources\\server.php(16): require_once('...')
#65 {main}
"} 
